[2022-07-05 20:20:04,318] root - INFO - Training pipleine config: TrainingPipelineConfig(artifact_dir='C:\\Users\\HPr\\Documents\\project\\Ml_Projekt\\housing\\artifact')
[2022-07-05 20:20:04,319] root - INFO - Data Ingestion config: DataIngestionConfig(dataset_download_url='https://raw.githubusercontent.com/ageron/handson-ml/master/datasets/housing/housing.tgz', tgz_download_dir='C:\\Users\\HPr\\Documents\\project\\Ml_Projekt\\housing\\artifact\\data_ingestion\\2022-07-05-20-20-02\\tgz_data', raw_data_dir='C:\\Users\\HPr\\Documents\\project\\Ml_Projekt\\housing\\artifact\\data_ingestion\\2022-07-05-20-20-02\\raw_data', ingested_train_dir='C:\\Users\\HPr\\Documents\\project\\Ml_Projekt\\housing\\artifact\\data_ingestion\\2022-07-05-20-20-02\\ingested_data\\train', ingested_test_dir='C:\\Users\\HPr\\Documents\\project\\Ml_Projekt\\housing\\artifact\\data_ingestion\\2022-07-05-20-20-02\\ingested_data\\test')
[2022-07-05 20:20:04,319] root - INFO - ====================Data Ingestion log started.==================== 
[2022-07-05 20:20:04,321] root - INFO - Downloading file from :[https://raw.githubusercontent.com/ageron/handson-ml/master/datasets/housing/housing.tgz] into :[C:\Users\HPr\Documents\project\Ml_Projekt\housing\artifact\data_ingestion\2022-07-05-20-20-02\tgz_data\housing.tgz]
[2022-07-05 20:20:05,223] root - INFO - File :[C:\Users\HPr\Documents\project\Ml_Projekt\housing\artifact\data_ingestion\2022-07-05-20-20-02\tgz_data\housing.tgz] has been downloaded successfully.
[2022-07-05 20:20:05,224] root - INFO - Extracting tgz file: [C:\Users\HPr\Documents\project\Ml_Projekt\housing\artifact\data_ingestion\2022-07-05-20-20-02\tgz_data\housing.tgz] into dir: [C:\Users\HPr\Documents\project\Ml_Projekt\housing\artifact\data_ingestion\2022-07-05-20-20-02\raw_data]
[2022-07-05 20:20:05,251] root - INFO - Extraction completed
[2022-07-05 20:20:05,252] root - INFO - Reading csv file: [C:\Users\HPr\Documents\project\Ml_Projekt\housing\artifact\data_ingestion\2022-07-05-20-20-02\raw_data\housing.csv]
[2022-07-05 20:20:05,300] root - INFO - Splitting data into train and test
[2022-07-05 20:20:05,319] root - INFO - Exporting training datset to file: [C:\Users\HPr\Documents\project\Ml_Projekt\housing\artifact\data_ingestion\2022-07-05-20-20-02\ingested_data\train\housing.csv]
[2022-07-05 20:20:05,529] root - INFO - Exporting test dataset to file: [C:\Users\HPr\Documents\project\Ml_Projekt\housing\artifact\data_ingestion\2022-07-05-20-20-02\ingested_data\test\housing.csv]
[2022-07-05 20:20:05,574] root - INFO - Data Ingestion artifact:[DataIngestionArtifact(train_file_path='C:\\Users\\HPr\\Documents\\project\\Ml_Projekt\\housing\\artifact\\data_ingestion\\2022-07-05-20-20-02\\ingested_data\\train\\housing.csv', test_file_path='C:\\Users\\HPr\\Documents\\project\\Ml_Projekt\\housing\\artifact\\data_ingestion\\2022-07-05-20-20-02\\ingested_data\\test\\housing.csv', is_ingested=True, message='Data ingestion completed successfully.')]
[2022-07-05 20:20:05,575] root - INFO - ====================Data Ingestion log completed.==================== 


[2022-07-05 20:20:05,575] root - INFO - ====================Data Validation log started.==================== 


[2022-07-05 20:20:05,575] root - INFO - Checking if training and test file is available
[2022-07-05 20:20:05,575] root - INFO - Is train and test file exists?-> True
[2022-07-05 20:20:08,071] root - INFO - Data validation artifact: DataValidationArtifact(schema_file_path='C:\\Users\\HPr\\Documents\\project\\Ml_Projekt\\config\\schema.yaml', report_file_path='C:\\Users\\HPr\\Documents\\project\\Ml_Projekt\\housing\\artifact\\data_validation\\2022-07-05-20-20-02\\report.json', report_page_file_path='C:\\Users\\HPr\\Documents\\project\\Ml_Projekt\\housing\\artifact\\data_validation\\2022-07-05-20-20-02\\report.html', is_validated=True, message='Data Validation performed successully.')
[2022-07-05 20:20:08,071] root - INFO - ====================Data Valdaition log completed.==================== 


[2022-07-05 20:20:08,071] root - INFO - Data transformation config: DataTransformationConfig(add_bedroom_per_room=True, transformed_train_dir='C:\\Users\\HPr\\Documents\\project\\Ml_Projekt\\housing\\artifact\\data_transformation\\2022-07-05-20-20-02\\transformed_data\\train', transformed_test_dir='C:\\Users\\HPr\\Documents\\project\\Ml_Projekt\\housing\\artifact\\data_transformation\\2022-07-05-20-20-02\\transformed_data\\test', preprocessed_object_file_path='C:\\Users\\HPr\\Documents\\project\\Ml_Projekt\\housing\\artifact\\data_transformation\\2022-07-05-20-20-02\\preprocessed\\preprocessed.pkl')
[2022-07-05 20:20:08,071] root - INFO - ====================Data Transformation log started.==================== 
[2022-07-05 20:20:08,071] root - INFO - Obtaining preprocessing object.
[2022-07-05 20:20:08,079] root - INFO - Categorical columns: ['ocean_proximity']
[2022-07-05 20:20:08,079] root - INFO - Numerical columns: ['longitude', 'latitude', 'housing_median_age', 'total_rooms', 'total_bedrooms', 'population', 'households', 'median_income']
[2022-07-05 20:20:08,079] root - INFO - Obtaining training and test file path.
[2022-07-05 20:20:08,079] root - INFO - Loading training and test data as pandas dataframe.
[2022-07-05 20:20:08,161] root - INFO - Splitting input and target feature from training and testing dataframe.
[2022-07-05 20:20:08,165] root - INFO - Applying preprocessing object on training dataframe and testing dataframe
[2022-07-05 20:20:08,252] root - INFO - Saving transformed training and testing array.
[2022-07-05 20:20:08,258] root - INFO - Saving preprocessing object.
[2022-07-05 20:20:08,267] root - INFO - Data transformationa artifact: DataTransformationArtifact(is_transformed=True, message='Data transformation successfull.', transformed_train_file_path='C:\\Users\\HPr\\Documents\\project\\Ml_Projekt\\housing\\artifact\\data_transformation\\2022-07-05-20-20-02\\transformed_data\\train\\housing.npz', transformed_test_file_path='C:\\Users\\HPr\\Documents\\project\\Ml_Projekt\\housing\\artifact\\data_transformation\\2022-07-05-20-20-02\\transformed_data\\test\\housing.npz', preprocessed_object_file_path='C:\\Users\\HPr\\Documents\\project\\Ml_Projekt\\housing\\artifact\\data_transformation\\2022-07-05-20-20-02\\preprocessed\\preprocessed.pkl')
[2022-07-05 20:20:08,268] root - INFO - ====================Data Transformation log completed.==================== 


