[2022-07-11 15:43:16,069]^;INFO^;225^;configuration.py^;get_training_pipeline_config()^;Training pipleine config: TrainingPipelineConfig(artifact_dir='c:\\Users\\HPr\\Documents\\project\\Ml_Projekt\\notebook\\housing\\artifact')
[2022-07-11 15:43:42,378]^;INFO^;225^;configuration.py^;get_training_pipeline_config()^;Training pipleine config: TrainingPipelineConfig(artifact_dir='c:\\Users\\HPr\\Documents\\project\\Ml_Projekt\\notebook\\housing\\artifact')
[2022-07-11 15:47:13,954]^;INFO^;116^;pipeline.py^;run_pipeline()^;Pipeline starting.
[2022-07-11 15:47:13,958]^;INFO^;132^;pipeline.py^;run_pipeline()^;Pipeline experiment: Experiment(experiment_id='3309c411-13d7-44d9-8f93-6fa742fd051e', initialization_timestamp='2022-07-11-15-28-34', artifact_time_stamp='2022-07-11-15-28-34', running_status=True, start_time=datetime.datetime(2022, 7, 11, 15, 47, 13, 956550), stop_time=None, execution_time=None, message='Pipeline has been started.', experiment_file_path='c:\\Users\\HPr\\Documents\\project\\Ml_Projekt\\notebook\\housing\\artifact\\experiment\\experiment.csv', accuracy=None, is_model_accepted=None)
[2022-07-11 15:47:14,040]^;INFO^;64^;configuration.py^;get_data_ingestion_config()^;Data Ingestion config: DataIngestionConfig(dataset_download_url='https://raw.githubusercontent.com/ageron/handson-ml/master/datasets/housing/housing.tgz', tgz_download_dir='c:\\Users\\HPr\\Documents\\project\\Ml_Projekt\\notebook\\housing\\artifact\\data_ingestion\\2022-07-11-15-28-34\\tgz_data', raw_data_dir='c:\\Users\\HPr\\Documents\\project\\Ml_Projekt\\notebook\\housing\\artifact\\data_ingestion\\2022-07-11-15-28-34\\raw_data', ingested_train_dir='c:\\Users\\HPr\\Documents\\project\\Ml_Projekt\\notebook\\housing\\artifact\\data_ingestion\\2022-07-11-15-28-34\\ingested_data\\train', ingested_test_dir='c:\\Users\\HPr\\Documents\\project\\Ml_Projekt\\notebook\\housing\\artifact\\data_ingestion\\2022-07-11-15-28-34\\ingested_data\\test')
[2022-07-11 15:47:14,040]^;INFO^;16^;data_ingestion.py^;__init__()^;====================Data Ingestion log started.==================== 
[2022-07-11 15:47:14,056]^;INFO^;40^;data_ingestion.py^;download_housing_data()^;Downloading file from :[https://raw.githubusercontent.com/ageron/handson-ml/master/datasets/housing/housing.tgz] into :[c:\Users\HPr\Documents\project\Ml_Projekt\notebook\housing\artifact\data_ingestion\2022-07-11-15-28-34\tgz_data\housing.tgz]
[2022-07-11 15:47:15,006]^;INFO^;42^;data_ingestion.py^;download_housing_data()^;File :[c:\Users\HPr\Documents\project\Ml_Projekt\notebook\housing\artifact\data_ingestion\2022-07-11-15-28-34\tgz_data\housing.tgz] has been downloaded successfully.
[2022-07-11 15:47:15,007]^;INFO^;57^;data_ingestion.py^;extract_tgz_file()^;Extracting tgz file: [c:\Users\HPr\Documents\project\Ml_Projekt\notebook\housing\artifact\data_ingestion\2022-07-11-15-28-34\tgz_data\housing.tgz] into dir: [c:\Users\HPr\Documents\project\Ml_Projekt\notebook\housing\artifact\data_ingestion\2022-07-11-15-28-34\raw_data]
[2022-07-11 15:47:15,055]^;INFO^;60^;data_ingestion.py^;extract_tgz_file()^;Extraction completed
[2022-07-11 15:47:15,056]^;INFO^;74^;data_ingestion.py^;split_data_as_train_test()^;Reading csv file: [c:\Users\HPr\Documents\project\Ml_Projekt\notebook\housing\artifact\data_ingestion\2022-07-11-15-28-34\raw_data\housing.csv]
[2022-07-11 15:47:15,164]^;INFO^;84^;data_ingestion.py^;split_data_as_train_test()^;Splitting data into train and test
[2022-07-11 15:47:15,222]^;INFO^;102^;data_ingestion.py^;split_data_as_train_test()^;Exporting training datset to file: [c:\Users\HPr\Documents\project\Ml_Projekt\notebook\housing\artifact\data_ingestion\2022-07-11-15-28-34\ingested_data\train\housing.csv]
[2022-07-11 15:47:15,663]^;INFO^;107^;data_ingestion.py^;split_data_as_train_test()^;Exporting test dataset to file: [c:\Users\HPr\Documents\project\Ml_Projekt\notebook\housing\artifact\data_ingestion\2022-07-11-15-28-34\ingested_data\test\housing.csv]
[2022-07-11 15:47:15,775]^;INFO^;116^;data_ingestion.py^;split_data_as_train_test()^;Data Ingestion artifact:[DataIngestionArtifact(train_file_path='c:\\Users\\HPr\\Documents\\project\\Ml_Projekt\\notebook\\housing\\artifact\\data_ingestion\\2022-07-11-15-28-34\\ingested_data\\train\\housing.csv', test_file_path='c:\\Users\\HPr\\Documents\\project\\Ml_Projekt\\notebook\\housing\\artifact\\data_ingestion\\2022-07-11-15-28-34\\ingested_data\\test\\housing.csv', is_ingested=True, message='Data ingestion completed successfully.')]
[2022-07-11 15:47:15,776]^;INFO^;133^;data_ingestion.py^;__del__()^;====================Data Ingestion log completed.==================== 


[2022-07-11 15:47:15,777]^;INFO^;19^;data_validation.py^;__init__()^;====================Data Validation log started.==================== 


[2022-07-11 15:47:15,777]^;INFO^;37^;data_validation.py^;is_train_test_file_exists()^;Checking if training and test file is available
[2022-07-11 15:47:15,777]^;INFO^;49^;data_validation.py^;is_train_test_file_exists()^;Is train and test file exists?-> True
[2022-07-11 15:47:19,920]^;INFO^;138^;data_validation.py^;initiate_data_validation()^;Data validation artifact: DataValidationArtifact(schema_file_path='c:\\Users\\HPr\\Documents\\project\\Ml_Projekt\\notebook\\config\\schema.yaml', report_file_path='c:\\Users\\HPr\\Documents\\project\\Ml_Projekt\\notebook\\housing\\artifact\\data_validation\\2022-07-11-15-28-34\\report.json', report_page_file_path='c:\\Users\\HPr\\Documents\\project\\Ml_Projekt\\notebook\\housing\\artifact\\data_validation\\2022-07-11-15-28-34\\report.html', is_validated=True, message='Data Validation performed successully.')
[2022-07-11 15:47:19,920]^;INFO^;145^;data_validation.py^;__del__()^;====================Data Valdaition log completed.==================== 


[2022-07-11 15:47:19,920]^;INFO^;148^;configuration.py^;get_data_transformation_config()^;Data transformation config: DataTransformationConfig(add_bedroom_per_room=True, transformed_train_dir='c:\\Users\\HPr\\Documents\\project\\Ml_Projekt\\notebook\\housing\\artifact\\data_transformation\\2022-07-11-15-28-34\\transformed_data\\train', transformed_test_dir='c:\\Users\\HPr\\Documents\\project\\Ml_Projekt\\notebook\\housing\\artifact\\data_transformation\\2022-07-11-15-28-34\\transformed_data\\test', preprocessed_object_file_path='c:\\Users\\HPr\\Documents\\project\\Ml_Projekt\\notebook\\housing\\artifact\\data_transformation\\2022-07-11-15-28-34\\preprocessed\\preprocessed.pkl')
[2022-07-11 15:47:19,920]^;INFO^;97^;data_transformation.py^;__init__()^;====================Data Transformation log started.==================== 
[2022-07-11 15:47:19,920]^;INFO^;150^;data_transformation.py^;initiate_data_transformation()^;Obtaining preprocessing object.
[2022-07-11 15:47:19,925]^;INFO^;220^;data_transformation.py^;__del__()^;====================Data Transformation log completed.==================== 


[2022-07-11 15:49:04,554]^;INFO^;113^;pipeline.py^;run_pipeline()^;Pipeline is already running
